<?xml version="1.0" encoding="UTF-8"?>
<testsuites>
	<testsuite errors="0" failures="0" file=".py" name="TaskTest-20191221172431" skipped="0" tests="1" time="0.547" timestamp="2019-12-21T17:24:32">
		<testcase classname="TaskTest" file="app_task\extend\task_run.py" line="14" name="test_file_data_json_dict_dict_00001_测试get请求啊" time="0.547" timestamp="2019-12-21T17:24:32">
			<system-out>
<![CDATA[]]>			</system-out>
			<system-err>
<![CDATA[]]>			</system-err>
		</testcase>
	</testsuite>
</testsuites>
